<?xml version="1.0" encoding="UTF-8"?>
<!-- Generated by org.testng.reporters.JUnitReportReporter -->
<testsuite hostname="sachin" failures="0" tests="1" name="Script.TestCase2" time="37.358" errors="0" timestamp="2023-10-11T15:38:31 IST" skipped="0">
  <testcase classname="Script.TestCase2" name="tc2" time="37.358"/>
</testsuite> <!-- Script.TestCase2 -->
